  tAbstractScrollArea.cpp
  tScrollBar.cpp
  tTextEditor.cpp
  tGui\interface_conf\tgui_conf.h(9):
  tGui\tGlobal.h(5):
  tGui\tObject\tEven.h(4):
  tGui\tObject\tWidget.h(4):
  tGui\tObject\tAbstractSlider.h(4):
  tGui\tObject\tScrollBar.h(4):
  tGui\tObject\tScrollBar.cpp(1):
C:\STM32F429\tGui_v3\tGui_v3\stm32f4xx_conf.h(131): warning :  "assert_param" redefined
     #define assert_param(expr) ((void)0)
   
  tGui\interface_conf\tgui_conf.h(9):
  tGui\tGlobal.h(5):
  tGui\tObject\tEven.h(4):
  tGui\tObject\tWidget.h(4):
  tGui\tObject\tFrame.h(4):
  tGui\tObject\tAbstractScrollArea.h(4):
  tGui\tObject\tAbstractScrollArea.cpp(1):
C:\STM32F429\tGui_v3\tGui_v3\stm32f4xx_conf.h(131): warning :  "assert_param" redefined
     #define assert_param(expr) ((void)0)
   
  C:\STM32F429\tGui_v3\tGui_v3\stm32f4xx_conf.h(35):
  tGui\interface_conf\tgui_conf.h(9):
  tGui\tGlobal.h(5):
  tGui\tObject\tEven.h(4):
  tGui\tObject\tWidget.h(4):
  tGui\tObject\tAbstractSlider.h(4):
  tGui\tObject\tScrollBar.h(4):
  tGui\tObject\tScrollBar.cpp(1):
  C:\Users\fuguangtao\AppData\Local\VisualGDB\EmbeddedBSPs\arm-eabi\com.sysprogs.arm.stm32\STM32F4xxxx\CMSIS_StdPeriph\Device\ST\STM32F4xx\Include\stm32f4xx.h(56): note :  this is the location of the previous definition
   #define assert_param(expr)
   
  C:\STM32F429\tGui_v3\tGui_v3\stm32f4xx_conf.h(35):
  tGui\interface_conf\tgui_conf.h(9):
  tGui\tGlobal.h(5):
  tGui\tObject\tEven.h(4):
  tGui\tObject\tWidget.h(4):
  tGui\tObject\tFrame.h(4):
  tGui\tObject\tAbstractScrollArea.h(4):
  tGui\tObject\tAbstractScrollArea.cpp(1):
  C:\Users\fuguangtao\AppData\Local\VisualGDB\EmbeddedBSPs\arm-eabi\com.sysprogs.arm.stm32\STM32F4xxxx\CMSIS_StdPeriph\Device\ST\STM32F4xx\Include\stm32f4xx.h(56): note :  this is the location of the previous definition
   #define assert_param(expr)
   
  tGui\tContainter\tList.h(4):
  tGui\tContainter\tObjList.h(5):
  tGui\tObject\tObject.h(6):
  tGui\tObject\tWidget.h(7):
  tGui\tObject\tFrame.h(4):
  tGui\tObject\tAbstractScrollArea.h(4):
  tGui\tObject\tAbstractScrollArea.cpp(1):
  tGui/tContainter/tCollection.h: In instantiation of 'void tCollection<T>::deleteItem(void*) [with T = tObject*]':
  tGui\tContainter\tList.h(98,66): note :   required from 'void tList<T>::deleteItem(void*) [with T = tObject*]'
  tGui\tContainter\tList.h(478,12): note :   required from 'bool tList<T>::remove(T) [with T = tObject*]'
  tGui\tContainter\tObjList.h(17,55): note :   required from here
tGui\tContainter\tCollection.h(66,3): warning :  deleting 'void*' is undefined [-Wdelete-incomplete]
     delete d;     // default operation
     ^~~~~~
  tGui/tContainter/tCollection.h: In instantiation of 'void tCollection<T>::deleteItem(void*) [with T = connection*]':
  tGui\tContainter\tList.h(98,66): note :   required from 'void tList<T>::deleteItem(void*) [with T = connection*]'
  tGui\tContainter\tList.h(478,12): note :   required from 'bool tList<T>::remove(T) [with T = connection*]'
  tGui\tContainter\tConnectList.h(15,62): note :   required from here
tGui\tContainter\tCollection.h(66,3): warning :  deleting 'void*' is undefined [-Wdelete-incomplete]
  tGui/tContainter/tCollection.h: In instantiation of 'void tCollection<T>::deleteItem(void*) [with T = tWidget*]':
  tGui\tContainter\tList.h(98,66): note :   required from 'void tList<T>::deleteItem(void*) [with T = tWidget*]'
  tGui\tContainter\tList.h(478,12): note :   required from 'bool tList<T>::remove(T) [with T = tWidget*]'
  tGui\tContainter\tWidgetList.h(14,58): note :   required from here
tGui\tContainter\tCollection.h(66,3): warning :  deleting 'void*' is undefined [-Wdelete-incomplete]
  tGui\tContainter\tList.h(4):
  tGui\tContainter\tObjList.h(5):
  tGui\tObject\tObject.h(6):
  tGui\tObject\tWidget.h(7):
  tGui\tObject\tAbstractSlider.h(4):
  tGui\tObject\tScrollBar.h(4):
  tGui\tObject\tScrollBar.cpp(1):
  tGui/tContainter/tCollection.h: In instantiation of 'void tCollection<T>::deleteItem(void*) [with T = tObject*]':
  tGui\tContainter\tList.h(98,66): note :   required from 'void tList<T>::deleteItem(void*) [with T = tObject*]'
  tGui\tContainter\tList.h(478,12): note :   required from 'bool tList<T>::remove(T) [with T = tObject*]'
  tGui\tContainter\tObjList.h(17,55): note :   required from here
tGui\tContainter\tCollection.h(66,3): warning :  deleting 'void*' is undefined [-Wdelete-incomplete]
     delete d;     // default operation
     ^~~~~~
  tGui/tContainter/tCollection.h: In instantiation of 'void tCollection<T>::deleteItem(void*) [with T = connection*]':
  tGui\tContainter\tList.h(98,66): note :   required from 'void tList<T>::deleteItem(void*) [with T = connection*]'
  tGui\tContainter\tList.h(478,12): note :   required from 'bool tList<T>::remove(T) [with T = connection*]'
  tGui\tContainter\tConnectList.h(15,62): note :   required from here
tGui\tContainter\tCollection.h(66,3): warning :  deleting 'void*' is undefined [-Wdelete-incomplete]
  tGui/tContainter/tCollection.h: In instantiation of 'void tCollection<T>::deleteItem(void*) [with T = tWidget*]':
  tGui\tContainter\tList.h(98,66): note :   required from 'void tList<T>::deleteItem(void*) [with T = tWidget*]'
  tGui\tContainter\tList.h(478,12): note :   required from 'bool tList<T>::remove(T) [with T = tWidget*]'
  tGui\tContainter\tWidgetList.h(14,58): note :   required from here
tGui\tContainter\tCollection.h(66,3): warning :  deleting 'void*' is undefined [-Wdelete-incomplete]
  tGui\interface_conf\tgui_conf.h(9):
  tGui\tGlobal.h(5):
  tGui\tContainter\tString.h(4):
  tGui\tObject\tTextEdit.h(4):
  tGui\tObject\tTextEditor.h(4):
  tGui\tObject\tTextEditor.cpp(1):
C:\STM32F429\tGui_v3\tGui_v3\stm32f4xx_conf.h(131): warning :  "assert_param" redefined
     #define assert_param(expr) ((void)0)
   
  C:\STM32F429\tGui_v3\tGui_v3\stm32f4xx_conf.h(35):
  tGui\interface_conf\tgui_conf.h(9):
  tGui\tGlobal.h(5):
  tGui\tContainter\tString.h(4):
  tGui\tObject\tTextEdit.h(4):
  tGui\tObject\tTextEditor.h(4):
  tGui\tObject\tTextEditor.cpp(1):
  C:\Users\fuguangtao\AppData\Local\VisualGDB\EmbeddedBSPs\arm-eabi\com.sysprogs.arm.stm32\STM32F4xxxx\CMSIS_StdPeriph\Device\ST\STM32F4xx\Include\stm32f4xx.h(56): note :  this is the location of the previous definition
   #define assert_param(expr)
   
  tGui\tContainter\tList.h(4):
  tGui\tContainter\tStrList.h(5):
  tGui\tObject\tTextEdit.h(5):
  tGui\tObject\tTextEditor.h(4):
  tGui\tObject\tTextEditor.cpp(1):
  tGui/tContainter/tCollection.h: In instantiation of 'void tCollection<T>::deleteItem(void*) [with T = tString*]':
  tGui\tContainter\tList.h(98,66): note :   required from 'void tList<T>::deleteItem(void*) [with T = tString*]'
  tGui\tContainter\tList.h(478,12): note :   required from 'bool tList<T>::remove(T) [with T = tString*]'
  tGui\tContainter\tStrList.h(16,54): note :   required from here
tGui\tContainter\tCollection.h(66,3): warning :  deleting 'void*' is undefined [-Wdelete-incomplete]
     delete d;     // default operation
     ^~~~~~
  tGui/tContainter/tCollection.h: In instantiation of 'void tCollection<T>::deleteItem(void*) [with T = tObject*]':
  tGui\tContainter\tList.h(98,66): note :   required from 'void tList<T>::deleteItem(void*) [with T = tObject*]'
  tGui\tContainter\tList.h(478,12): note :   required from 'bool tList<T>::remove(T) [with T = tObject*]'
  tGui\tContainter\tObjList.h(17,55): note :   required from here
tGui\tContainter\tCollection.h(66,3): warning :  deleting 'void*' is undefined [-Wdelete-incomplete]
  tGui/tContainter/tCollection.h: In instantiation of 'void tCollection<T>::deleteItem(void*) [with T = connection*]':
  tGui\tContainter\tList.h(98,66): note :   required from 'void tList<T>::deleteItem(void*) [with T = connection*]'
  tGui\tContainter\tList.h(478,12): note :   required from 'bool tList<T>::remove(T) [with T = connection*]'
  tGui\tContainter\tConnectList.h(15,62): note :   required from here
tGui\tContainter\tCollection.h(66,3): warning :  deleting 'void*' is undefined [-Wdelete-incomplete]
  tGui/tContainter/tCollection.h: In instantiation of 'void tCollection<T>::deleteItem(void*) [with T = tWidget*]':
  tGui\tContainter\tList.h(98,66): note :   required from 'void tList<T>::deleteItem(void*) [with T = tWidget*]'
  tGui\tContainter\tList.h(478,12): note :   required from 'bool tList<T>::remove(T) [with T = tWidget*]'
  tGui\tContainter\tWidgetList.h(14,58): note :   required from here
tGui\tContainter\tCollection.h(66,3): warning :  deleting 'void*' is undefined [-Wdelete-incomplete]
F:\gdb\MSBuild\Targets\link.targets(40,2): warning : Explicit linker script in project properties (C:/Users/fuguangtao/AppData/Local/VisualGDB/EmbeddedBSPs/arm-eabi/com.sysprogs.arm.stm32/STM32F4xxxx/LinkerScripts/STM32F429IG_flash.lds) overrides the ones included in Solution Explorer
  Linking ../VisualGDB/Debug/tGui_v3...
  ------------------- Memory utilization report -------------------
  Used FLASH: 66KB out of 1024KB (6%)
  Used RAM: 28KB out of 256KB (11%)
